<?xml version="1.0"?>
<!DOCTYPE coverage SYSTEM "http://cobertura.sourceforge.net/xml/coverage-04.dtd">

<coverage line-rate="0.9801980198019802" branch-rate="0.7567567567567568" lines-covered="99" lines-valid="101" branches-covered="28" branches-valid="37" complexity="1.6" version="2.0.3" timestamp="1426234469389">
	<sources>
		<source>--source</source>
		<source>/home/travis/build/cchacin/cucumber-common-steps/src/main/java</source>
	</sources>
	<packages>
		<package name="com.github.cchacin.cucumber.steps" line-rate="0.9801980198019802" branch-rate="0.7567567567567568" complexity="1.6">
			<classes>
				<class name="com.github.cchacin.cucumber.steps.CallsSteps" filename="com/github/cchacin/cucumber/steps/CallsSteps.java" line-rate="1.0" branch-rate="1.0" complexity="3.0">
					<methods>
						<method name="&lt;init&gt;" signature="()V" line-rate="1.0" branch-rate="1.0">
							<lines>
								<line number="21" hits="1" branch="false"/>
								<line number="46" hits="1" branch="false"/>
							</lines>
						</method>
						<method name="start" signature="()V" line-rate="1.0" branch-rate="1.0">
							<lines>
								<line number="27" hits="14" branch="false"/>
								<line number="28" hits="14" branch="false"/>
							</lines>
						</method>
						<method name="stop" signature="()V" line-rate="1.0" branch-rate="1.0">
							<lines>
								<line number="32" hits="14" branch="false"/>
								<line number="33" hits="14" branch="false"/>
							</lines>
						</method>
						<method name="the_call_to_external_service_should_be" signature="(Lcucumber/api/DataTable;)V" line-rate="1.0" branch-rate="1.0">
							<lines>
								<line number="37" hits="1" branch="false"/>
								<line number="39" hits="1" branch="true" condition-coverage="100% (2/2)">
									<conditions>
										<condition number="0" type="jump" coverage="100%"/>
									</conditions>
								</line>
								<line number="40" hits="4" branch="false"/>
								<line number="43" hits="4" branch="false"/>
								<line number="44" hits="1" branch="false"/>
							</lines>
						</method>
					</methods>
					<lines>
						<line number="21" hits="1" branch="false"/>
						<line number="27" hits="14" branch="false"/>
						<line number="28" hits="14" branch="false"/>
						<line number="32" hits="14" branch="false"/>
						<line number="33" hits="14" branch="false"/>
						<line number="37" hits="1" branch="false"/>
						<line number="39" hits="1" branch="true" condition-coverage="100% (2/2)">
							<conditions>
								<condition number="0" type="jump" coverage="100%"/>
							</conditions>
						</line>
						<line number="40" hits="4" branch="false"/>
						<line number="43" hits="4" branch="false"/>
						<line number="44" hits="1" branch="false"/>
						<line number="46" hits="1" branch="false"/>
					</lines>
				</class>
				<class name="com.github.cchacin.cucumber.steps.CallsSteps$Call" filename="com/github/cchacin/cucumber/steps/CallsSteps.java" line-rate="0.8888888888888888" branch-rate="0.7058823529411765" complexity="3.0">
					<methods>
						<method name="&lt;init&gt;" signature="()V" line-rate="0.0" branch-rate="1.0">
							<lines>
								<line number="47" hits="0" branch="false"/>
							</lines>
						</method>
						<method name="getConditional" signature="()Lcom/xebialabs/restito/semantics/Condition;" line-rate="1.0" branch-rate="0.7058823529411765">
							<lines>
								<line number="53" hits="4" branch="true" condition-coverage="70% (12/17)">
									<conditions>
										<condition number="0" type="jump" coverage="50%"/>
										<condition number="1" type="jump" coverage="50%"/>
										<condition number="2" type="jump" coverage="50%"/>
										<condition number="3" type="jump" coverage="50%"/>
										<condition number="0" type="switch" coverage="80%"/>
										<condition number="1" type="switch" coverage="100%"/>
									</conditions>
								</line>
								<line number="56" hits="1" branch="false"/>
								<line number="58" hits="1" branch="false"/>
								<line number="60" hits="1" branch="false"/>
								<line number="62" hits="1" branch="false"/>
							</lines>
						</method>
						<method name="getMethod" signature="()Ljava/lang/String;" line-rate="1.0" branch-rate="1.0">
							<lines>
								<line number="48" hits="4" branch="false"/>
							</lines>
						</method>
						<method name="getStatusCode" signature="()I" line-rate="1.0" branch-rate="1.0">
							<lines>
								<line number="50" hits="4" branch="false"/>
							</lines>
						</method>
						<method name="getUrl" signature="()Ljava/lang/String;" line-rate="1.0" branch-rate="1.0">
							<lines>
								<line number="49" hits="4" branch="false"/>
							</lines>
						</method>
					</methods>
					<lines>
						<line number="47" hits="0" branch="false"/>
						<line number="48" hits="4" branch="false"/>
						<line number="49" hits="4" branch="false"/>
						<line number="50" hits="4" branch="false"/>
						<line number="53" hits="4" branch="true" condition-coverage="70% (12/17)">
							<conditions>
								<condition number="0" type="jump" coverage="50%"/>
								<condition number="1" type="jump" coverage="50%"/>
								<condition number="2" type="jump" coverage="50%"/>
								<condition number="3" type="jump" coverage="50%"/>
								<condition number="0" type="switch" coverage="80%"/>
								<condition number="1" type="switch" coverage="100%"/>
							</conditions>
						</line>
						<line number="56" hits="1" branch="false"/>
						<line number="58" hits="1" branch="false"/>
						<line number="60" hits="1" branch="false"/>
						<line number="62" hits="1" branch="false"/>
					</lines>
				</class>
				<class name="com.github.cchacin.cucumber.steps.DatabaseSteps" filename="com/github/cchacin/cucumber/steps/DatabaseSteps.java" line-rate="0.972972972972973" branch-rate="0.6" complexity="0.0">
					<methods>
						<method name="&lt;clinit&gt;" signature="()V" line-rate="0.8571428571428571" branch-rate="1.0">
							<lines>
								<line number="39" hits="1" branch="false"/>
								<line number="42" hits="1" branch="false"/>
								<line number="44" hits="1" branch="false"/>
								<line number="45" hits="1" branch="false"/>
								<line number="46" hits="0" branch="false"/>
								<line number="47" hits="1" branch="false"/>
								<line number="48" hits="1" branch="false"/>
							</lines>
						</method>
						<method name="&lt;init&gt;" signature="()V" line-rate="1.0" branch-rate="1.0">
							<lines>
								<line number="37" hits="1" branch="false"/>
								<line number="50" hits="1" branch="false"/>
							</lines>
						</method>
						<method name="I_have_only_the_following_rows_in_the_table" signature="(Ljava/lang/String;Lcucumber/api/DataTable;)V" line-rate="1.0" branch-rate="1.0">
							<lines>
								<line number="64" hits="1" branch="false"/>
								<line number="65" hits="1" branch="false"/>
								<line number="66" hits="1" branch="false"/>
							</lines>
						</method>
						<method name="I_have_the_following_sql_script" signature="(Ljava/lang/String;)V" line-rate="1.0" branch-rate="0.5">
							<lines>
								<line number="97" hits="1" branch="false"/>
								<line number="99" hits="1" branch="false"/>
								<line number="100" hits="1" branch="false"/>
								<line number="101" hits="1" branch="true" condition-coverage="50% (2/4)">
									<conditions>
										<condition number="0" type="jump" coverage="50%"/>
										<condition number="1" type="jump" coverage="50%"/>
									</conditions>
								</line>
								<line number="102" hits="1" branch="false"/>
								<line number="103" hits="1" branch="false"/>
								<line number="104" hits="1" branch="true" condition-coverage="50% (2/4)">
									<conditions>
										<condition number="0" type="jump" coverage="50%"/>
										<condition number="1" type="jump" coverage="50%"/>
									</conditions>
								</line>
								<line number="105" hits="1" branch="false"/>
							</lines>
						</method>
						<method name="apply" signature="(Lcom/ninja_squad/dbsetup/operation/Operation;)V" line-rate="1.0" branch-rate="1.0">
							<lines>
								<line number="90" hits="3" branch="false"/>
								<line number="91" hits="3" branch="false"/>
							</lines>
						</method>
						<method name="deleteAll" signature="(Ljava/lang/String;)V" line-rate="1.0" branch-rate="1.0">
							<lines>
								<line number="86" hits="1" branch="false"/>
								<line number="87" hits="1" branch="false"/>
							</lines>
						</method>
						<method name="i_have_the_following_rows_in_the_table" signature="(Ljava/lang/String;Lcucumber/api/DataTable;)V" line-rate="1.0" branch-rate="1.0">
							<lines>
								<line number="58" hits="1" branch="false"/>
								<line number="59" hits="1" branch="false"/>
							</lines>
						</method>
						<method name="insert" signature="(Ljava/lang/String;Lcucumber/api/DataTable;)V" line-rate="1.0" branch-rate="1.0">
							<lines>
								<line number="69" hits="2" branch="false"/>
								<line number="70" hits="2" branch="false"/>
								<line number="72" hits="2" branch="false"/>
								<line number="73" hits="2" branch="false"/>
								<line number="74" hits="2" branch="false"/>
								<line number="76" hits="2" branch="true" condition-coverage="100% (2/2)">
									<conditions>
										<condition number="0" type="jump" coverage="100%"/>
									</conditions>
								</line>
								<line number="77" hits="2" branch="false"/>
								<line number="79" hits="2" branch="false"/>
								<line number="80" hits="2" branch="false"/>
								<line number="82" hits="2" branch="false"/>
								<line number="83" hits="2" branch="false"/>
							</lines>
						</method>
					</methods>
					<lines>
						<line number="37" hits="1" branch="false"/>
						<line number="39" hits="1" branch="false"/>
						<line number="42" hits="1" branch="false"/>
						<line number="44" hits="1" branch="false"/>
						<line number="45" hits="1" branch="false"/>
						<line number="46" hits="0" branch="false"/>
						<line number="47" hits="1" branch="false"/>
						<line number="48" hits="1" branch="false"/>
						<line number="50" hits="1" branch="false"/>
						<line number="58" hits="1" branch="false"/>
						<line number="59" hits="1" branch="false"/>
						<line number="64" hits="1" branch="false"/>
						<line number="65" hits="1" branch="false"/>
						<line number="66" hits="1" branch="false"/>
						<line number="69" hits="2" branch="false"/>
						<line number="70" hits="2" branch="false"/>
						<line number="72" hits="2" branch="false"/>
						<line number="73" hits="2" branch="false"/>
						<line number="74" hits="2" branch="false"/>
						<line number="76" hits="2" branch="true" condition-coverage="100% (2/2)">
							<conditions>
								<condition number="0" type="jump" coverage="100%"/>
							</conditions>
						</line>
						<line number="77" hits="2" branch="false"/>
						<line number="79" hits="2" branch="false"/>
						<line number="80" hits="2" branch="false"/>
						<line number="82" hits="2" branch="false"/>
						<line number="83" hits="2" branch="false"/>
						<line number="86" hits="1" branch="false"/>
						<line number="87" hits="1" branch="false"/>
						<line number="90" hits="3" branch="false"/>
						<line number="91" hits="3" branch="false"/>
						<line number="97" hits="1" branch="false"/>
						<line number="99" hits="1" branch="false"/>
						<line number="100" hits="1" branch="false"/>
						<line number="101" hits="1" branch="true" condition-coverage="50% (2/4)">
							<conditions>
								<condition number="0" type="jump" coverage="50%"/>
								<condition number="1" type="jump" coverage="50%"/>
							</conditions>
						</line>
						<line number="102" hits="1" branch="false"/>
						<line number="103" hits="1" branch="false"/>
						<line number="104" hits="1" branch="true" condition-coverage="50% (2/4)">
							<conditions>
								<condition number="0" type="jump" coverage="50%"/>
								<condition number="1" type="jump" coverage="50%"/>
							</conditions>
						</line>
						<line number="105" hits="1" branch="false"/>
					</lines>
				</class>
				<class name="com.github.cchacin.cucumber.steps.RestSteps" filename="com/github/cchacin/cucumber/steps/RestSteps.java" line-rate="1.0" branch-rate="1.0" complexity="1.25">
					<methods>
						<method name="&lt;init&gt;" signature="()V" line-rate="1.0" branch-rate="1.0">
							<lines>
								<line number="35" hits="1" branch="false"/>
							</lines>
						</method>
						<method name="I_make_a_DELETE_call_to_endpoint" signature="(Ljava/lang/String;)V" line-rate="1.0" branch-rate="1.0">
							<lines>
								<line number="95" hits="1" branch="false"/>
								<line number="96" hits="1" branch="false"/>
								<line number="97" hits="1" branch="false"/>
							</lines>
						</method>
						<method name="I_make_a_GET_HEAD_call_to_endpoint" signature="(Ljava/lang/String;Ljava/lang/String;)V" line-rate="1.0" branch-rate="1.0">
							<lines>
								<line number="69" hits="10" branch="false"/>
								<line number="70" hits="10" branch="true" condition-coverage="100% (2/2)">
									<conditions>
										<condition number="0" type="jump" coverage="100%"/>
									</conditions>
								</line>
								<line number="71" hits="10" branch="false"/>
								<line number="72" hits="10" branch="false"/>
							</lines>
						</method>
						<method name="I_make_a_GET_HEAD_call_to_endpoint_with_headers" signature="(Ljava/lang/String;Ljava/lang/String;Lcucumber/api/DataTable;)V" line-rate="1.0" branch-rate="1.0">
							<lines>
								<line number="102" hits="1" branch="false"/>
								<line number="103" hits="1" branch="true" condition-coverage="100% (2/2)">
									<conditions>
										<condition number="0" type="jump" coverage="100%"/>
									</conditions>
								</line>
								<line number="104" hits="2" branch="false"/>
								<line number="105" hits="2" branch="false"/>
								<line number="106" hits="1" branch="false"/>
								<line number="107" hits="1" branch="false"/>
							</lines>
						</method>
						<method name="I_make_a_POST_PUT_call_to_endpoint_with_post_body" signature="(Ljava/lang/String;Ljava/lang/String;Ljava/lang/String;)V" line-rate="1.0" branch-rate="1.0">
							<lines>
								<line number="78" hits="3" branch="false"/>
								<line number="79" hits="3" branch="true" condition-coverage="100% (2/2)">
									<conditions>
										<condition number="0" type="jump" coverage="100%"/>
									</conditions>
								</line>
								<line number="81" hits="3" branch="false"/>
								<line number="82" hits="3" branch="false"/>
							</lines>
						</method>
						<method name="I_make_a_POST_PUT_call_to_endpoint_with_post_body_in_file" signature="(Ljava/lang/String;Ljava/lang/String;Ljava/lang/String;)V" line-rate="1.0" branch-rate="1.0">
							<lines>
								<line number="88" hits="1" branch="false"/>
								<line number="90" hits="1" branch="false"/>
							</lines>
						</method>
						<method name="createWebClient" signature="(Ljava/lang/String;)Lorg/apache/cxf/jaxrs/client/WebClient;" line-rate="1.0" branch-rate="1.0">
							<lines>
								<line number="59" hits="14" branch="false"/>
								<line number="60" hits="14" branch="true" condition-coverage="100% (2/2)">
									<conditions>
										<condition number="0" type="jump" coverage="100%"/>
									</conditions>
								</line>
								<line number="61" hits="13" branch="false"/>
								<line number="64" hits="14" branch="false"/>
							</lines>
						</method>
						<method name="fileContent" signature="(Ljava/lang/String;)Ljava/lang/String;" line-rate="1.0" branch-rate="1.0">
							<lines>
								<line number="42" hits="4" branch="false"/>
								<line number="45" hits="4" branch="false"/>
							</lines>
						</method>
						<method name="responseValue" signature="()Ljava/lang/String;" line-rate="1.0" branch-rate="1.0">
							<lines>
								<line number="50" hits="13" branch="false"/>
							</lines>
						</method>
						<method name="response_content_type_should_be" signature="(Ljava/lang/String;)V" line-rate="1.0" branch-rate="1.0">
							<lines>
								<line number="119" hits="8" branch="false"/>
								<line number="121" hits="8" branch="false"/>
							</lines>
						</method>
						<method name="response_header_should_be_" signature="(Ljava/lang/String;Ljava/lang/String;)V" line-rate="1.0" branch-rate="1.0">
							<lines>
								<line number="152" hits="3" branch="false"/>
								<line number="154" hits="3" branch="false"/>
							</lines>
						</method>
						<method name="response_should_be_empty" signature="()V" line-rate="1.0" branch-rate="1.0">
							<lines>
								<line number="140" hits="5" branch="false"/>
								<line number="141" hits="5" branch="false"/>
							</lines>
						</method>
						<method name="response_should_be_file" signature="(Ljava/lang/String;)V" line-rate="1.0" branch-rate="1.0">
							<lines>
								<line number="146" hits="1" branch="false"/>
								<line number="147" hits="1" branch="false"/>
							</lines>
						</method>
						<method name="response_should_be_json" signature="(Ljava/lang/String;)V" line-rate="1.0" branch-rate="1.0">
							<lines>
								<line number="134" hits="7" branch="false"/>
								<line number="136" hits="7" branch="false"/>
							</lines>
						</method>
						<method name="response_should_be_json_responseBody" signature="(Ljava/lang/String;)V" line-rate="1.0" branch-rate="1.0">
							<lines>
								<line number="127" hits="2" branch="false"/>
								<line number="128" hits="2" branch="false"/>
								<line number="129" hits="2" branch="false"/>
							</lines>
						</method>
						<method name="response_status_code_should_be" signature="(Ljava/lang/String;)V" line-rate="1.0" branch-rate="1.0">
							<lines>
								<line number="112" hits="14" branch="false"/>
								<line number="114" hits="14" branch="false"/>
							</lines>
						</method>
						<method name="setHeader" signature="(Ljava/lang/String;Ljava/lang/String;)V" line-rate="1.0" branch-rate="1.0">
							<lines>
								<line number="55" hits="2" branch="false"/>
								<line number="56" hits="2" branch="false"/>
							</lines>
						</method>
					</methods>
					<lines>
						<line number="35" hits="1" branch="false"/>
						<line number="42" hits="4" branch="false"/>
						<line number="45" hits="4" branch="false"/>
						<line number="50" hits="13" branch="false"/>
						<line number="55" hits="2" branch="false"/>
						<line number="56" hits="2" branch="false"/>
						<line number="59" hits="14" branch="false"/>
						<line number="60" hits="14" branch="true" condition-coverage="100% (2/2)">
							<conditions>
								<condition number="0" type="jump" coverage="100%"/>
							</conditions>
						</line>
						<line number="61" hits="13" branch="false"/>
						<line number="64" hits="14" branch="false"/>
						<line number="69" hits="10" branch="false"/>
						<line number="70" hits="10" branch="true" condition-coverage="100% (2/2)">
							<conditions>
								<condition number="0" type="jump" coverage="100%"/>
							</conditions>
						</line>
						<line number="71" hits="10" branch="false"/>
						<line number="72" hits="10" branch="false"/>
						<line number="78" hits="3" branch="false"/>
						<line number="79" hits="3" branch="true" condition-coverage="100% (2/2)">
							<conditions>
								<condition number="0" type="jump" coverage="100%"/>
							</conditions>
						</line>
						<line number="81" hits="3" branch="false"/>
						<line number="82" hits="3" branch="false"/>
						<line number="88" hits="1" branch="false"/>
						<line number="90" hits="1" branch="false"/>
						<line number="95" hits="1" branch="false"/>
						<line number="96" hits="1" branch="false"/>
						<line number="97" hits="1" branch="false"/>
						<line number="102" hits="1" branch="false"/>
						<line number="103" hits="1" branch="true" condition-coverage="100% (2/2)">
							<conditions>
								<condition number="0" type="jump" coverage="100%"/>
							</conditions>
						</line>
						<line number="104" hits="2" branch="false"/>
						<line number="105" hits="2" branch="false"/>
						<line number="106" hits="1" branch="false"/>
						<line number="107" hits="1" branch="false"/>
						<line number="112" hits="14" branch="false"/>
						<line number="114" hits="14" branch="false"/>
						<line number="119" hits="8" branch="false"/>
						<line number="121" hits="8" branch="false"/>
						<line number="127" hits="2" branch="false"/>
						<line number="128" hits="2" branch="false"/>
						<line number="129" hits="2" branch="false"/>
						<line number="134" hits="7" branch="false"/>
						<line number="136" hits="7" branch="false"/>
						<line number="140" hits="5" branch="false"/>
						<line number="141" hits="5" branch="false"/>
						<line number="146" hits="1" branch="false"/>
						<line number="147" hits="1" branch="false"/>
						<line number="152" hits="3" branch="false"/>
						<line number="154" hits="3" branch="false"/>
					</lines>
				</class>
			</classes>
		</package>
	</packages>
</coverage>
