<?xml version="1.0"?>
<!DOCTYPE coverage SYSTEM "http://cobertura.sourceforge.net/xml/coverage-04.dtd">

<coverage line-rate="0.9833333333333333" branch-rate="0.75" lines-covered="118" lines-valid="120" branches-covered="30" branches-valid="40" complexity="1.608695652173913" version="2.0.3" timestamp="1426808769640">
	<sources>
		<source>--source</source>
		<source>/home/travis/build/cchacin/cucumber-common-steps/src/main/java</source>
	</sources>
	<packages>
		<package name="com.github.cchacin.cucumber.steps" line-rate="0.9833333333333333" branch-rate="0.75" complexity="1.608695652173913">
			<classes>
				<class name="com.github.cchacin.cucumber.steps.CallsSteps" filename="com/github/cchacin/cucumber/steps/CallsSteps.java" line-rate="1.0" branch-rate="1.0" complexity="3.25">
					<methods>
						<method name="&lt;init&gt;" signature="()V" line-rate="1.0" branch-rate="1.0">
							<lines>
								<line number="22" hits="1" branch="false"/>
								<line number="24" hits="1" branch="false"/>
								<line number="48" hits="1" branch="false"/>
							</lines>
						</method>
						<method name="setUp" signature="()V" line-rate="1.0" branch-rate="1.0">
							<lines>
								<line number="28" hits="15" branch="false"/>
								<line number="29" hits="15" branch="false"/>
							</lines>
						</method>
						<method name="tearDown" signature="()V" line-rate="1.0" branch-rate="1.0">
							<lines>
								<line number="33" hits="15" branch="false"/>
								<line number="34" hits="15" branch="false"/>
							</lines>
						</method>
						<method name="the_call_to_external_service_should_be" signature="(Lcucumber/api/DataTable;)V" line-rate="1.0" branch-rate="1.0">
							<lines>
								<line number="39" hits="1" branch="false"/>
								<line number="41" hits="1" branch="true" condition-coverage="100% (2/2)">
									<conditions>
										<condition number="0" type="jump" coverage="100%"/>
									</conditions>
								</line>
								<line number="42" hits="4" branch="false"/>
								<line number="43" hits="4" branch="false"/>
								<line number="44" hits="4" branch="false"/>
								<line number="45" hits="4" branch="false"/>
								<line number="46" hits="1" branch="false"/>
							</lines>
						</method>
					</methods>
					<lines>
						<line number="22" hits="1" branch="false"/>
						<line number="24" hits="1" branch="false"/>
						<line number="28" hits="15" branch="false"/>
						<line number="29" hits="15" branch="false"/>
						<line number="33" hits="15" branch="false"/>
						<line number="34" hits="15" branch="false"/>
						<line number="39" hits="1" branch="false"/>
						<line number="41" hits="1" branch="true" condition-coverage="100% (2/2)">
							<conditions>
								<condition number="0" type="jump" coverage="100%"/>
							</conditions>
						</line>
						<line number="42" hits="4" branch="false"/>
						<line number="43" hits="4" branch="false"/>
						<line number="44" hits="4" branch="false"/>
						<line number="45" hits="4" branch="false"/>
						<line number="46" hits="1" branch="false"/>
						<line number="48" hits="1" branch="false"/>
					</lines>
				</class>
				<class name="com.github.cchacin.cucumber.steps.CallsSteps$Call" filename="com/github/cchacin/cucumber/steps/CallsSteps.java" line-rate="0.9285714285714286" branch-rate="0.6666666666666666" complexity="3.25">
					<methods>
						<method name="&lt;init&gt;" signature="()V" line-rate="1.0" branch-rate="1.0">
							<lines>
							</lines>
						</method>
						<method name="access$000" signature="(Lcom/github/cchacin/cucumber/steps/CallsSteps$Call;)Lcom/github/tomakehurst/wiremock/client/MappingBuilder;" line-rate="1.0" branch-rate="1.0">
							<lines>
								<line number="50" hits="4" branch="false"/>
							</lines>
						</method>
						<method name="getBuilder" signature="()Lcom/github/tomakehurst/wiremock/client/MappingBuilder;" line-rate="1.0" branch-rate="1.0">
							<lines>
								<line number="56" hits="8" branch="false"/>
							</lines>
						</method>
						<method name="getHeaders" signature="()Ljava/lang/String;" line-rate="1.0" branch-rate="1.0">
							<lines>
								<line number="55" hits="8" branch="false"/>
							</lines>
						</method>
						<method name="getHttpMethod" signature="()Lcom/github/tomakehurst/wiremock/client/MappingBuilder;" line-rate="0.8333333333333334" branch-rate="0.6666666666666666">
							<lines>
								<line number="59" hits="4" branch="true" condition-coverage="66% (12/18)">
									<conditions>
										<condition number="0" type="jump" coverage="50%"/>
										<condition number="1" type="jump" coverage="50%"/>
										<condition number="2" type="jump" coverage="50%"/>
										<condition number="3" type="jump" coverage="50%"/>
										<condition number="0" type="switch" coverage="80%"/>
										<condition number="1" type="switch" coverage="80%"/>
									</conditions>
								</line>
								<line number="61" hits="1" branch="false"/>
								<line number="63" hits="1" branch="false"/>
								<line number="65" hits="1" branch="false"/>
								<line number="67" hits="1" branch="false"/>
								<line number="69" hits="0" branch="false"/>
							</lines>
						</method>
						<method name="getMethod" signature="()Ljava/lang/String;" line-rate="1.0" branch-rate="1.0">
							<lines>
								<line number="51" hits="12" branch="false"/>
							</lines>
						</method>
						<method name="getQueryParams" signature="()Ljava/lang/String;" line-rate="1.0" branch-rate="1.0">
							<lines>
								<line number="54" hits="8" branch="false"/>
							</lines>
						</method>
						<method name="getStatusCode" signature="()I" line-rate="1.0" branch-rate="1.0">
							<lines>
								<line number="53" hits="12" branch="false"/>
							</lines>
						</method>
						<method name="getUrl" signature="()Ljava/lang/String;" line-rate="1.0" branch-rate="1.0">
							<lines>
								<line number="52" hits="12" branch="false"/>
							</lines>
						</method>
						<method name="toString" signature="()Ljava/lang/String;" line-rate="1.0" branch-rate="1.0">
							<lines>
								<line number="48" hits="8" branch="false"/>
							</lines>
						</method>
					</methods>
					<lines>
						<line number="48" hits="8" branch="false"/>
						<line number="50" hits="4" branch="false"/>
						<line number="51" hits="12" branch="false"/>
						<line number="52" hits="12" branch="false"/>
						<line number="53" hits="12" branch="false"/>
						<line number="54" hits="8" branch="false"/>
						<line number="55" hits="8" branch="false"/>
						<line number="56" hits="8" branch="false"/>
						<line number="59" hits="4" branch="true" condition-coverage="66% (12/18)">
							<conditions>
								<condition number="0" type="jump" coverage="50%"/>
								<condition number="1" type="jump" coverage="50%"/>
								<condition number="2" type="jump" coverage="50%"/>
								<condition number="3" type="jump" coverage="50%"/>
								<condition number="0" type="switch" coverage="80%"/>
								<condition number="1" type="switch" coverage="80%"/>
							</conditions>
						</line>
						<line number="61" hits="1" branch="false"/>
						<line number="63" hits="1" branch="false"/>
						<line number="65" hits="1" branch="false"/>
						<line number="67" hits="1" branch="false"/>
						<line number="69" hits="0" branch="false"/>
					</lines>
				</class>
				<class name="com.github.cchacin.cucumber.steps.DatabaseSteps" filename="com/github/cchacin/cucumber/steps/DatabaseSteps.java" line-rate="0.972972972972973" branch-rate="0.6" complexity="0.0">
					<methods>
						<method name="&lt;clinit&gt;" signature="()V" line-rate="0.8571428571428571" branch-rate="1.0">
							<lines>
								<line number="39" hits="1" branch="false"/>
								<line number="42" hits="1" branch="false"/>
								<line number="44" hits="1" branch="false"/>
								<line number="45" hits="1" branch="false"/>
								<line number="46" hits="0" branch="false"/>
								<line number="47" hits="1" branch="false"/>
								<line number="48" hits="1" branch="false"/>
							</lines>
						</method>
						<method name="&lt;init&gt;" signature="()V" line-rate="1.0" branch-rate="1.0">
							<lines>
								<line number="37" hits="1" branch="false"/>
								<line number="50" hits="1" branch="false"/>
							</lines>
						</method>
						<method name="I_have_only_the_following_rows_in_the_table" signature="(Ljava/lang/String;Lcucumber/api/DataTable;)V" line-rate="1.0" branch-rate="1.0">
							<lines>
								<line number="64" hits="1" branch="false"/>
								<line number="65" hits="1" branch="false"/>
								<line number="66" hits="1" branch="false"/>
							</lines>
						</method>
						<method name="I_have_the_following_sql_script" signature="(Ljava/lang/String;)V" line-rate="1.0" branch-rate="0.5">
							<lines>
								<line number="97" hits="1" branch="false"/>
								<line number="99" hits="1" branch="false"/>
								<line number="100" hits="1" branch="false"/>
								<line number="101" hits="1" branch="true" condition-coverage="50% (2/4)">
									<conditions>
										<condition number="0" type="jump" coverage="50%"/>
										<condition number="1" type="jump" coverage="50%"/>
									</conditions>
								</line>
								<line number="102" hits="1" branch="false"/>
								<line number="103" hits="1" branch="false"/>
								<line number="104" hits="1" branch="true" condition-coverage="50% (2/4)">
									<conditions>
										<condition number="0" type="jump" coverage="50%"/>
										<condition number="1" type="jump" coverage="50%"/>
									</conditions>
								</line>
								<line number="105" hits="1" branch="false"/>
							</lines>
						</method>
						<method name="apply" signature="(Lcom/ninja_squad/dbsetup/operation/Operation;)V" line-rate="1.0" branch-rate="1.0">
							<lines>
								<line number="90" hits="3" branch="false"/>
								<line number="91" hits="3" branch="false"/>
							</lines>
						</method>
						<method name="deleteAll" signature="(Ljava/lang/String;)V" line-rate="1.0" branch-rate="1.0">
							<lines>
								<line number="86" hits="1" branch="false"/>
								<line number="87" hits="1" branch="false"/>
							</lines>
						</method>
						<method name="i_have_the_following_rows_in_the_table" signature="(Ljava/lang/String;Lcucumber/api/DataTable;)V" line-rate="1.0" branch-rate="1.0">
							<lines>
								<line number="58" hits="1" branch="false"/>
								<line number="59" hits="1" branch="false"/>
							</lines>
						</method>
						<method name="insert" signature="(Ljava/lang/String;Lcucumber/api/DataTable;)V" line-rate="1.0" branch-rate="1.0">
							<lines>
								<line number="69" hits="2" branch="false"/>
								<line number="70" hits="2" branch="false"/>
								<line number="72" hits="2" branch="false"/>
								<line number="73" hits="2" branch="false"/>
								<line number="74" hits="2" branch="false"/>
								<line number="76" hits="2" branch="true" condition-coverage="100% (2/2)">
									<conditions>
										<condition number="0" type="jump" coverage="100%"/>
									</conditions>
								</line>
								<line number="77" hits="2" branch="false"/>
								<line number="79" hits="2" branch="false"/>
								<line number="80" hits="2" branch="false"/>
								<line number="82" hits="2" branch="false"/>
								<line number="83" hits="2" branch="false"/>
							</lines>
						</method>
					</methods>
					<lines>
						<line number="37" hits="1" branch="false"/>
						<line number="39" hits="1" branch="false"/>
						<line number="42" hits="1" branch="false"/>
						<line number="44" hits="1" branch="false"/>
						<line number="45" hits="1" branch="false"/>
						<line number="46" hits="0" branch="false"/>
						<line number="47" hits="1" branch="false"/>
						<line number="48" hits="1" branch="false"/>
						<line number="50" hits="1" branch="false"/>
						<line number="58" hits="1" branch="false"/>
						<line number="59" hits="1" branch="false"/>
						<line number="64" hits="1" branch="false"/>
						<line number="65" hits="1" branch="false"/>
						<line number="66" hits="1" branch="false"/>
						<line number="69" hits="2" branch="false"/>
						<line number="70" hits="2" branch="false"/>
						<line number="72" hits="2" branch="false"/>
						<line number="73" hits="2" branch="false"/>
						<line number="74" hits="2" branch="false"/>
						<line number="76" hits="2" branch="true" condition-coverage="100% (2/2)">
							<conditions>
								<condition number="0" type="jump" coverage="100%"/>
							</conditions>
						</line>
						<line number="77" hits="2" branch="false"/>
						<line number="79" hits="2" branch="false"/>
						<line number="80" hits="2" branch="false"/>
						<line number="82" hits="2" branch="false"/>
						<line number="83" hits="2" branch="false"/>
						<line number="86" hits="1" branch="false"/>
						<line number="87" hits="1" branch="false"/>
						<line number="90" hits="3" branch="false"/>
						<line number="91" hits="3" branch="false"/>
						<line number="97" hits="1" branch="false"/>
						<line number="99" hits="1" branch="false"/>
						<line number="100" hits="1" branch="false"/>
						<line number="101" hits="1" branch="true" condition-coverage="50% (2/4)">
							<conditions>
								<condition number="0" type="jump" coverage="50%"/>
								<condition number="1" type="jump" coverage="50%"/>
							</conditions>
						</line>
						<line number="102" hits="1" branch="false"/>
						<line number="103" hits="1" branch="false"/>
						<line number="104" hits="1" branch="true" condition-coverage="50% (2/4)">
							<conditions>
								<condition number="0" type="jump" coverage="50%"/>
								<condition number="1" type="jump" coverage="50%"/>
							</conditions>
						</line>
						<line number="105" hits="1" branch="false"/>
					</lines>
				</class>
				<class name="com.github.cchacin.cucumber.steps.RestSteps" filename="com/github/cchacin/cucumber/steps/RestSteps.java" line-rate="1.0" branch-rate="1.0" complexity="1.263157894736842">
					<methods>
						<method name="&lt;init&gt;" signature="()V" line-rate="1.0" branch-rate="1.0">
							<lines>
								<line number="35" hits="1" branch="false"/>
							</lines>
						</method>
						<method name="I_make_a_DELETE_call_to_endpoint" signature="(Ljava/lang/String;)V" line-rate="1.0" branch-rate="1.0">
							<lines>
								<line number="103" hits="1" branch="false"/>
								<line number="104" hits="1" branch="false"/>
								<line number="105" hits="1" branch="false"/>
							</lines>
						</method>
						<method name="I_make_a_GET_HEAD_call_to_endpoint" signature="(Ljava/lang/String;Ljava/lang/String;)V" line-rate="1.0" branch-rate="1.0">
							<lines>
								<line number="73" hits="10" branch="false"/>
								<line number="74" hits="10" branch="false"/>
								<line number="75" hits="10" branch="false"/>
							</lines>
						</method>
						<method name="I_make_a_GET_HEAD_call_to_endpoint_with_headers" signature="(Ljava/lang/String;Ljava/lang/String;Lcucumber/api/DataTable;)V" line-rate="1.0" branch-rate="1.0">
							<lines>
								<line number="109" hits="1" branch="false"/>
								<line number="110" hits="1" branch="true" condition-coverage="100% (2/2)">
									<conditions>
										<condition number="0" type="jump" coverage="100%"/>
									</conditions>
								</line>
								<line number="111" hits="1" branch="false"/>
								<line number="112" hits="1" branch="false"/>
								<line number="113" hits="1" branch="false"/>
								<line number="114" hits="1" branch="false"/>
							</lines>
						</method>
						<method name="I_make_a_POST_PUT_call_to_endpoint_with_post_body" signature="(Ljava/lang/String;Ljava/lang/String;Ljava/lang/String;)V" line-rate="1.0" branch-rate="1.0">
							<lines>
								<line number="86" hits="3" branch="false"/>
								<line number="87" hits="3" branch="true" condition-coverage="100% (2/2)">
									<conditions>
										<condition number="0" type="jump" coverage="100%"/>
									</conditions>
								</line>
								<line number="89" hits="3" branch="false"/>
								<line number="90" hits="3" branch="false"/>
							</lines>
						</method>
						<method name="I_make_a_POST_PUT_call_to_endpoint_with_post_body_in_file" signature="(Ljava/lang/String;Ljava/lang/String;Ljava/lang/String;)V" line-rate="1.0" branch-rate="1.0">
							<lines>
								<line number="96" hits="1" branch="false"/>
								<line number="98" hits="1" branch="false"/>
							</lines>
						</method>
						<method name="createWebClient" signature="(Ljava/lang/String;)Lorg/apache/cxf/jaxrs/client/WebClient;" line-rate="1.0" branch-rate="1.0">
							<lines>
								<line number="63" hits="15" branch="false"/>
								<line number="64" hits="15" branch="true" condition-coverage="100% (2/2)">
									<conditions>
										<condition number="0" type="jump" coverage="100%"/>
									</conditions>
								</line>
								<line number="65" hits="14" branch="false"/>
								<line number="68" hits="15" branch="false"/>
							</lines>
						</method>
						<method name="execute" signature="(Ljava/lang/String;)V" line-rate="1.0" branch-rate="1.0">
							<lines>
								<line number="78" hits="11" branch="true" condition-coverage="100% (2/2)">
									<conditions>
										<condition number="0" type="jump" coverage="100%"/>
									</conditions>
								</line>
								<line number="79" hits="11" branch="false"/>
								<line number="80" hits="11" branch="false"/>
							</lines>
						</method>
						<method name="fileContent" signature="(Ljava/lang/String;)Ljava/lang/String;" line-rate="1.0" branch-rate="1.0">
							<lines>
								<line number="42" hits="4" branch="false"/>
								<line number="45" hits="4" branch="false"/>
							</lines>
						</method>
						<method name="i_make_a_GET_HEAD_call_to_endpoint_with_query_params" signature="(Ljava/lang/String;Ljava/lang/String;Lcucumber/api/DataTable;)V" line-rate="1.0" branch-rate="1.0">
							<lines>
								<line number="118" hits="1" branch="false"/>
								<line number="119" hits="1" branch="false"/>
								<line number="120" hits="1" branch="true" condition-coverage="100% (2/2)">
									<conditions>
										<condition number="0" type="jump" coverage="100%"/>
									</conditions>
								</line>
								<line number="121" hits="2" branch="false"/>
								<line number="122" hits="2" branch="false"/>
								<line number="123" hits="1" branch="false"/>
								<line number="124" hits="1" branch="false"/>
							</lines>
						</method>
						<method name="responseValue" signature="()Ljava/lang/String;" line-rate="1.0" branch-rate="1.0">
							<lines>
								<line number="50" hits="14" branch="false"/>
							</lines>
						</method>
						<method name="response_content_type_should_be" signature="(Ljava/lang/String;)V" line-rate="1.0" branch-rate="1.0">
							<lines>
								<line number="136" hits="9" branch="false"/>
								<line number="138" hits="9" branch="false"/>
							</lines>
						</method>
						<method name="response_header_should_be_" signature="(Ljava/lang/String;Ljava/lang/String;)V" line-rate="1.0" branch-rate="1.0">
							<lines>
								<line number="169" hits="3" branch="false"/>
								<line number="171" hits="3" branch="false"/>
							</lines>
						</method>
						<method name="response_should_be_empty" signature="()V" line-rate="1.0" branch-rate="1.0">
							<lines>
								<line number="157" hits="5" branch="false"/>
								<line number="158" hits="5" branch="false"/>
							</lines>
						</method>
						<method name="response_should_be_file" signature="(Ljava/lang/String;)V" line-rate="1.0" branch-rate="1.0">
							<lines>
								<line number="163" hits="1" branch="false"/>
								<line number="164" hits="1" branch="false"/>
							</lines>
						</method>
						<method name="response_should_be_json" signature="(Ljava/lang/String;)V" line-rate="1.0" branch-rate="1.0">
							<lines>
								<line number="151" hits="8" branch="false"/>
								<line number="153" hits="8" branch="false"/>
							</lines>
						</method>
						<method name="response_should_be_json_responseBody" signature="(Ljava/lang/String;)V" line-rate="1.0" branch-rate="1.0">
							<lines>
								<line number="144" hits="2" branch="false"/>
								<line number="145" hits="2" branch="false"/>
								<line number="146" hits="2" branch="false"/>
							</lines>
						</method>
						<method name="response_status_code_should_be" signature="(Ljava/lang/String;)V" line-rate="1.0" branch-rate="1.0">
							<lines>
								<line number="129" hits="15" branch="false"/>
								<line number="131" hits="15" branch="false"/>
							</lines>
						</method>
						<method name="setHeader" signature="(Ljava/lang/String;Ljava/lang/String;)V" line-rate="1.0" branch-rate="1.0">
							<lines>
								<line number="55" hits="1" branch="false"/>
								<line number="56" hits="1" branch="false"/>
							</lines>
						</method>
						<method name="setParam" signature="(Ljava/lang/String;Ljava/lang/String;)V" line-rate="1.0" branch-rate="1.0">
							<lines>
								<line number="59" hits="2" branch="false"/>
								<line number="60" hits="2" branch="false"/>
							</lines>
						</method>
					</methods>
					<lines>
						<line number="35" hits="1" branch="false"/>
						<line number="42" hits="4" branch="false"/>
						<line number="45" hits="4" branch="false"/>
						<line number="50" hits="14" branch="false"/>
						<line number="55" hits="1" branch="false"/>
						<line number="56" hits="1" branch="false"/>
						<line number="59" hits="2" branch="false"/>
						<line number="60" hits="2" branch="false"/>
						<line number="63" hits="15" branch="false"/>
						<line number="64" hits="15" branch="true" condition-coverage="100% (2/2)">
							<conditions>
								<condition number="0" type="jump" coverage="100%"/>
							</conditions>
						</line>
						<line number="65" hits="14" branch="false"/>
						<line number="68" hits="15" branch="false"/>
						<line number="73" hits="10" branch="false"/>
						<line number="74" hits="10" branch="false"/>
						<line number="75" hits="10" branch="false"/>
						<line number="78" hits="11" branch="true" condition-coverage="100% (2/2)">
							<conditions>
								<condition number="0" type="jump" coverage="100%"/>
							</conditions>
						</line>
						<line number="79" hits="11" branch="false"/>
						<line number="80" hits="11" branch="false"/>
						<line number="86" hits="3" branch="false"/>
						<line number="87" hits="3" branch="true" condition-coverage="100% (2/2)">
							<conditions>
								<condition number="0" type="jump" coverage="100%"/>
							</conditions>
						</line>
						<line number="89" hits="3" branch="false"/>
						<line number="90" hits="3" branch="false"/>
						<line number="96" hits="1" branch="false"/>
						<line number="98" hits="1" branch="false"/>
						<line number="103" hits="1" branch="false"/>
						<line number="104" hits="1" branch="false"/>
						<line number="105" hits="1" branch="false"/>
						<line number="109" hits="1" branch="false"/>
						<line number="110" hits="1" branch="true" condition-coverage="100% (2/2)">
							<conditions>
								<condition number="0" type="jump" coverage="100%"/>
							</conditions>
						</line>
						<line number="111" hits="1" branch="false"/>
						<line number="112" hits="1" branch="false"/>
						<line number="113" hits="1" branch="false"/>
						<line number="114" hits="1" branch="false"/>
						<line number="118" hits="1" branch="false"/>
						<line number="119" hits="1" branch="false"/>
						<line number="120" hits="1" branch="true" condition-coverage="100% (2/2)">
							<conditions>
								<condition number="0" type="jump" coverage="100%"/>
							</conditions>
						</line>
						<line number="121" hits="2" branch="false"/>
						<line number="122" hits="2" branch="false"/>
						<line number="123" hits="1" branch="false"/>
						<line number="124" hits="1" branch="false"/>
						<line number="129" hits="15" branch="false"/>
						<line number="131" hits="15" branch="false"/>
						<line number="136" hits="9" branch="false"/>
						<line number="138" hits="9" branch="false"/>
						<line number="144" hits="2" branch="false"/>
						<line number="145" hits="2" branch="false"/>
						<line number="146" hits="2" branch="false"/>
						<line number="151" hits="8" branch="false"/>
						<line number="153" hits="8" branch="false"/>
						<line number="157" hits="5" branch="false"/>
						<line number="158" hits="5" branch="false"/>
						<line number="163" hits="1" branch="false"/>
						<line number="164" hits="1" branch="false"/>
						<line number="169" hits="3" branch="false"/>
						<line number="171" hits="3" branch="false"/>
					</lines>
				</class>
			</classes>
		</package>
	</packages>
</coverage>
